ls: cannot access 'excerpt_in/*.gz': No such file or directory
docker: Error response from daemon: create ./excerpt_out: "./excerpt_out" includes invalid characters for a local volume name, only "[a-zA-Z0-9][a-zA-Z0-9_.-]" are allowed. If you intended to pass a host directory, use absolute path.
See 'docker run --help'.
docker: Error response from daemon: create ./excerpt_out: "./excerpt_out" includes invalid characters for a local volume name, only "[a-zA-Z0-9][a-zA-Z0-9_.-]" are allowed. If you intended to pass a host directory, use absolute path.
See 'docker run --help'.
docker: Error response from daemon: create ./excerpt_out: "./excerpt_out" includes invalid characters for a local volume name, only "[a-zA-Z0-9][a-zA-Z0-9_.-]" are allowed. If you intended to pass a host directory, use absolute path.
See 'docker run --help'.
docker: Error response from daemon: create ./excerpt_out: "./excerpt_out" includes invalid characters for a local volume name, only "[a-zA-Z0-9][a-zA-Z0-9_.-]" are allowed. If you intended to pass a host directory, use absolute path.
See 'docker run --help'.
docker: Error response from daemon: create ./excerpt_out: "./excerpt_out" includes invalid characters for a local volume name, only "[a-zA-Z0-9][a-zA-Z0-9_.-]" are allowed. If you intended to pass a host directory, use absolute path.
See 'docker run --help'.
docker: Error response from daemon: create ./excerpt_out: "./excerpt_out" includes invalid characters for a local volume name, only "[a-zA-Z0-9][a-zA-Z0-9_.-]" are allowed. If you intended to pass a host directory, use absolute path.
See 'docker run --help'.
docker: Error response from daemon: create ./excerpt_out: "./excerpt_out" includes invalid characters for a local volume name, only "[a-zA-Z0-9][a-zA-Z0-9_.-]" are allowed. If you intended to pass a host directory, use absolute path.
See 'docker run --help'.
docker: Error response from daemon: create ./excerpt_out: "./excerpt_out" includes invalid characters for a local volume name, only "[a-zA-Z0-9][a-zA-Z0-9_.-]" are allowed. If you intended to pass a host directory, use absolute path.
See 'docker run --help'.
docker: Error response from daemon: create ./excerpt_out: "./excerpt_out" includes invalid characters for a local volume name, only "[a-zA-Z0-9][a-zA-Z0-9_.-]" are allowed. If you intended to pass a host directory, use absolute path.
See 'docker run --help'.
docker: Error response from daemon: create ./excerpt_out: "./excerpt_out" includes invalid characters for a local volume name, only "[a-zA-Z0-9][a-zA-Z0-9_.-]" are allowed. If you intended to pass a host directory, use absolute path.
See 'docker run --help'.
docker: Error response from daemon: create ./excerpt_out: "./excerpt_out" includes invalid characters for a local volume name, only "[a-zA-Z0-9][a-zA-Z0-9_.-]" are allowed. If you intended to pass a host directory, use absolute path.
See 'docker run --help'.
docker: Error response from daemon: create ./excerpt_out: "./excerpt_out" includes invalid characters for a local volume name, only "[a-zA-Z0-9][a-zA-Z0-9_.-]" are allowed. If you intended to pass a host directory, use absolute path.
See 'docker run --help'.
docker: Error response from daemon: create ./excerpt_out: "./excerpt_out" includes invalid characters for a local volume name, only "[a-zA-Z0-9][a-zA-Z0-9_.-]" are allowed. If you intended to pass a host directory, use absolute path.
See 'docker run --help'.
docker: Error response from daemon: create ./excerpt_out: "./excerpt_out" includes invalid characters for a local volume name, only "[a-zA-Z0-9][a-zA-Z0-9_.-]" are allowed. If you intended to pass a host directory, use absolute path.
See 'docker run --help'.
docker: Error response from daemon: create ./excerpt_out: "./excerpt_out" includes invalid characters for a local volume name, only "[a-zA-Z0-9][a-zA-Z0-9_.-]" are allowed. If you intended to pass a host directory, use absolute path.
See 'docker run --help'.
docker: Error response from daemon: create ./excerpt_out: "./excerpt_out" includes invalid characters for a local volume name, only "[a-zA-Z0-9][a-zA-Z0-9_.-]" are allowed. If you intended to pass a host directory, use absolute path.
See 'docker run --help'.
docker: Error response from daemon: create ./excerpt_out: "./excerpt_out" includes invalid characters for a local volume name, only "[a-zA-Z0-9][a-zA-Z0-9_.-]" are allowed. If you intended to pass a host directory, use absolute path.
See 'docker run --help'.
docker: Error response from daemon: create ./excerpt_out: "./excerpt_out" includes invalid characters for a local volume name, only "[a-zA-Z0-9][a-zA-Z0-9_.-]" are allowed. If you intended to pass a host directory, use absolute path.
See 'docker run --help'.
docker: Error response from daemon: create ./excerpt_out: "./excerpt_out" includes invalid characters for a local volume name, only "[a-zA-Z0-9][a-zA-Z0-9_.-]" are allowed. If you intended to pass a host directory, use absolute path.
See 'docker run --help'.
docker: Error response from daemon: create ./excerpt_out: "./excerpt_out" includes invalid characters for a local volume name, only "[a-zA-Z0-9][a-zA-Z0-9_.-]" are allowed. If you intended to pass a host directory, use absolute path.
See 'docker run --help'.
docker: Error response from daemon: create ./excerpt_out: "./excerpt_out" includes invalid characters for a local volume name, only "[a-zA-Z0-9][a-zA-Z0-9_.-]" are allowed. If you intended to pass a host directory, use absolute path.
See 'docker run --help'.
docker: Error response from daemon: create ./excerpt_out: "./excerpt_out" includes invalid characters for a local volume name, only "[a-zA-Z0-9][a-zA-Z0-9_.-]" are allowed. If you intended to pass a host directory, use absolute path.
See 'docker run --help'.
docker: Error response from daemon: create ./excerpt_out: "./excerpt_out" includes invalid characters for a local volume name, only "[a-zA-Z0-9][a-zA-Z0-9_.-]" are allowed. If you intended to pass a host directory, use absolute path.
See 'docker run --help'.
docker: Error response from daemon: create ./excerpt_out: "./excerpt_out" includes invalid characters for a local volume name, only "[a-zA-Z0-9][a-zA-Z0-9_.-]" are allowed. If you intended to pass a host directory, use absolute path.
See 'docker run --help'.
docker: Error response from daemon: create ./excerpt_out: "./excerpt_out" includes invalid characters for a local volume name, only "[a-zA-Z0-9][a-zA-Z0-9_.-]" are allowed. If you intended to pass a host directory, use absolute path.
See 'docker run --help'.
docker: Error response from daemon: create ./excerpt_out: "./excerpt_out" includes invalid characters for a local volume name, only "[a-zA-Z0-9][a-zA-Z0-9_.-]" are allowed. If you intended to pass a host directory, use absolute path.
See 'docker run --help'.
docker: Error response from daemon: create ./excerpt_out: "./excerpt_out" includes invalid characters for a local volume name, only "[a-zA-Z0-9][a-zA-Z0-9_.-]" are allowed. If you intended to pass a host directory, use absolute path.
See 'docker run --help'.
docker: Error response from daemon: create ./excerpt_out: "./excerpt_out" includes invalid characters for a local volume name, only "[a-zA-Z0-9][a-zA-Z0-9_.-]" are allowed. If you intended to pass a host directory, use absolute path.
See 'docker run --help'.
docker: Error response from daemon: create ./excerpt_out: "./excerpt_out" includes invalid characters for a local volume name, only "[a-zA-Z0-9][a-zA-Z0-9_.-]" are allowed. If you intended to pass a host directory, use absolute path.
See 'docker run --help'.
docker: Error response from daemon: create ./excerpt_out: "./excerpt_out" includes invalid characters for a local volume name, only "[a-zA-Z0-9][a-zA-Z0-9_.-]" are allowed. If you intended to pass a host directory, use absolute path.
See 'docker run --help'.
docker: Error response from daemon: create ./excerpt_out: "./excerpt_out" includes invalid characters for a local volume name, only "[a-zA-Z0-9][a-zA-Z0-9_.-]" are allowed. If you intended to pass a host directory, use absolute path.
See 'docker run --help'.
docker: Error response from daemon: create ./excerpt_out: "./excerpt_out" includes invalid characters for a local volume name, only "[a-zA-Z0-9][a-zA-Z0-9_.-]" are allowed. If you intended to pass a host directory, use absolute path.
See 'docker run --help'.
docker: Error response from daemon: create ./excerpt_out: "./excerpt_out" includes invalid characters for a local volume name, only "[a-zA-Z0-9][a-zA-Z0-9_.-]" are allowed. If you intended to pass a host directory, use absolute path.
See 'docker run --help'.
docker: Error response from daemon: create ./excerpt_out: "./excerpt_out" includes invalid characters for a local volume name, only "[a-zA-Z0-9][a-zA-Z0-9_.-]" are allowed. If you intended to pass a host directory, use absolute path.
See 'docker run --help'.
docker: Error response from daemon: create ./excerpt_out: "./excerpt_out" includes invalid characters for a local volume name, only "[a-zA-Z0-9][a-zA-Z0-9_.-]" are allowed. If you intended to pass a host directory, use absolute path.
See 'docker run --help'.
docker: Error response from daemon: create ./excerpt_out: "./excerpt_out" includes invalid characters for a local volume name, only "[a-zA-Z0-9][a-zA-Z0-9_.-]" are allowed. If you intended to pass a host directory, use absolute path.
See 'docker run --help'.
docker: Error response from daemon: create ./excerpt_out: "./excerpt_out" includes invalid characters for a local volume name, only "[a-zA-Z0-9][a-zA-Z0-9_.-]" are allowed. If you intended to pass a host directory, use absolute path.
See 'docker run --help'.
docker: Error response from daemon: create ./excerpt_out: "./excerpt_out" includes invalid characters for a local volume name, only "[a-zA-Z0-9][a-zA-Z0-9_.-]" are allowed. If you intended to pass a host directory, use absolute path.
See 'docker run --help'.
docker: Error response from daemon: create ./excerpt_out: "./excerpt_out" includes invalid characters for a local volume name, only "[a-zA-Z0-9][a-zA-Z0-9_.-]" are allowed. If you intended to pass a host directory, use absolute path.
See 'docker run --help'.
docker: Error response from daemon: create ./excerpt_out: "./excerpt_out" includes invalid characters for a local volume name, only "[a-zA-Z0-9][a-zA-Z0-9_.-]" are allowed. If you intended to pass a host directory, use absolute path.
See 'docker run --help'.
docker: Error response from daemon: create ./excerpt_out: "./excerpt_out" includes invalid characters for a local volume name, only "[a-zA-Z0-9][a-zA-Z0-9_.-]" are allowed. If you intended to pass a host directory, use absolute path.
See 'docker run --help'.
docker: Error response from daemon: create ./excerpt_out: "./excerpt_out" includes invalid characters for a local volume name, only "[a-zA-Z0-9][a-zA-Z0-9_.-]" are allowed. If you intended to pass a host directory, use absolute path.
See 'docker run --help'.
docker: Error response from daemon: create ./excerpt_out: "./excerpt_out" includes invalid characters for a local volume name, only "[a-zA-Z0-9][a-zA-Z0-9_.-]" are allowed. If you intended to pass a host directory, use absolute path.
See 'docker run --help'.
docker: Error response from daemon: create ./excerpt_out: "./excerpt_out" includes invalid characters for a local volume name, only "[a-zA-Z0-9][a-zA-Z0-9_.-]" are allowed. If you intended to pass a host directory, use absolute path.
See 'docker run --help'.
docker: Error response from daemon: create ./excerpt_out: "./excerpt_out" includes invalid characters for a local volume name, only "[a-zA-Z0-9][a-zA-Z0-9_.-]" are allowed. If you intended to pass a host directory, use absolute path.
See 'docker run --help'.
docker: Error response from daemon: create ./excerpt_out: "./excerpt_out" includes invalid characters for a local volume name, only "[a-zA-Z0-9][a-zA-Z0-9_.-]" are allowed. If you intended to pass a host directory, use absolute path.
See 'docker run --help'.
docker: Error response from daemon: create ./excerpt_out: "./excerpt_out" includes invalid characters for a local volume name, only "[a-zA-Z0-9][a-zA-Z0-9_.-]" are allowed. If you intended to pass a host directory, use absolute path.
See 'docker run --help'.
docker: Error response from daemon: create ./excerpt_out: "./excerpt_out" includes invalid characters for a local volume name, only "[a-zA-Z0-9][a-zA-Z0-9_.-]" are allowed. If you intended to pass a host directory, use absolute path.
See 'docker run --help'.
docker: Error response from daemon: create ./excerpt_out: "./excerpt_out" includes invalid characters for a local volume name, only "[a-zA-Z0-9][a-zA-Z0-9_.-]" are allowed. If you intended to pass a host directory, use absolute path.
See 'docker run --help'.
docker: Error response from daemon: create ./excerpt_out: "./excerpt_out" includes invalid characters for a local volume name, only "[a-zA-Z0-9][a-zA-Z0-9_.-]" are allowed. If you intended to pass a host directory, use absolute path.
See 'docker run --help'.
docker: Error response from daemon: create ./excerpt_out: "./excerpt_out" includes invalid characters for a local volume name, only "[a-zA-Z0-9][a-zA-Z0-9_.-]" are allowed. If you intended to pass a host directory, use absolute path.
See 'docker run --help'.
docker: Error response from daemon: create ./excerpt_out: "./excerpt_out" includes invalid characters for a local volume name, only "[a-zA-Z0-9][a-zA-Z0-9_.-]" are allowed. If you intended to pass a host directory, use absolute path.
See 'docker run --help'.
docker: Error response from daemon: create ./excerpt_out: "./excerpt_out" includes invalid characters for a local volume name, only "[a-zA-Z0-9][a-zA-Z0-9_.-]" are allowed. If you intended to pass a host directory, use absolute path.
See 'docker run --help'.
docker: Error response from daemon: create ./excerpt_out: "./excerpt_out" includes invalid characters for a local volume name, only "[a-zA-Z0-9][a-zA-Z0-9_.-]" are allowed. If you intended to pass a host directory, use absolute path.
See 'docker run --help'.
docker: Error response from daemon: create ./excerpt_out: "./excerpt_out" includes invalid characters for a local volume name, only "[a-zA-Z0-9][a-zA-Z0-9_.-]" are allowed. If you intended to pass a host directory, use absolute path.
See 'docker run --help'.
docker: Error response from daemon: create ./excerpt_out: "./excerpt_out" includes invalid characters for a local volume name, only "[a-zA-Z0-9][a-zA-Z0-9_.-]" are allowed. If you intended to pass a host directory, use absolute path.
See 'docker run --help'.
docker: Error response from daemon: create ./excerpt_out: "./excerpt_out" includes invalid characters for a local volume name, only "[a-zA-Z0-9][a-zA-Z0-9_.-]" are allowed. If you intended to pass a host directory, use absolute path.
See 'docker run --help'.
docker: Error response from daemon: create ./excerpt_out: "./excerpt_out" includes invalid characters for a local volume name, only "[a-zA-Z0-9][a-zA-Z0-9_.-]" are allowed. If you intended to pass a host directory, use absolute path.
See 'docker run --help'.
docker: Error response from daemon: create ./excerpt_out: "./excerpt_out" includes invalid characters for a local volume name, only "[a-zA-Z0-9][a-zA-Z0-9_.-]" are allowed. If you intended to pass a host directory, use absolute path.
See 'docker run --help'.
docker: Error response from daemon: create ./excerpt_out: "./excerpt_out" includes invalid characters for a local volume name, only "[a-zA-Z0-9][a-zA-Z0-9_.-]" are allowed. If you intended to pass a host directory, use absolute path.
See 'docker run --help'.
docker: Error response from daemon: create ./excerpt_out: "./excerpt_out" includes invalid characters for a local volume name, only "[a-zA-Z0-9][a-zA-Z0-9_.-]" are allowed. If you intended to pass a host directory, use absolute path.
See 'docker run --help'.
docker: Error response from daemon: create ./excerpt_out: "./excerpt_out" includes invalid characters for a local volume name, only "[a-zA-Z0-9][a-zA-Z0-9_.-]" are allowed. If you intended to pass a host directory, use absolute path.
See 'docker run --help'.
docker: Error response from daemon: create ./excerpt_out: "./excerpt_out" includes invalid characters for a local volume name, only "[a-zA-Z0-9][a-zA-Z0-9_.-]" are allowed. If you intended to pass a host directory, use absolute path.
See 'docker run --help'.
docker: Error response from daemon: create ./excerpt_out: "./excerpt_out" includes invalid characters for a local volume name, only "[a-zA-Z0-9][a-zA-Z0-9_.-]" are allowed. If you intended to pass a host directory, use absolute path.
See 'docker run --help'.
docker: Error response from daemon: create ./excerpt_out: "./excerpt_out" includes invalid characters for a local volume name, only "[a-zA-Z0-9][a-zA-Z0-9_.-]" are allowed. If you intended to pass a host directory, use absolute path.
See 'docker run --help'.
docker: Error response from daemon: create ./excerpt_out: "./excerpt_out" includes invalid characters for a local volume name, only "[a-zA-Z0-9][a-zA-Z0-9_.-]" are allowed. If you intended to pass a host directory, use absolute path.
See 'docker run --help'.
docker: Error response from daemon: create ./excerpt_out: "./excerpt_out" includes invalid characters for a local volume name, only "[a-zA-Z0-9][a-zA-Z0-9_.-]" are allowed. If you intended to pass a host directory, use absolute path.
See 'docker run --help'.
docker: Error response from daemon: create ./excerpt_out: "./excerpt_out" includes invalid characters for a local volume name, only "[a-zA-Z0-9][a-zA-Z0-9_.-]" are allowed. If you intended to pass a host directory, use absolute path.
See 'docker run --help'.
docker: Error response from daemon: create ./excerpt_out: "./excerpt_out" includes invalid characters for a local volume name, only "[a-zA-Z0-9][a-zA-Z0-9_.-]" are allowed. If you intended to pass a host directory, use absolute path.
See 'docker run --help'.
docker: Error response from daemon: create ./excerpt_out: "./excerpt_out" includes invalid characters for a local volume name, only "[a-zA-Z0-9][a-zA-Z0-9_.-]" are allowed. If you intended to pass a host directory, use absolute path.
See 'docker run --help'.
docker: Error response from daemon: create ./excerpt_out: "./excerpt_out" includes invalid characters for a local volume name, only "[a-zA-Z0-9][a-zA-Z0-9_.-]" are allowed. If you intended to pass a host directory, use absolute path.
See 'docker run --help'.
docker: Error response from daemon: create ./excerpt_out: "./excerpt_out" includes invalid characters for a local volume name, only "[a-zA-Z0-9][a-zA-Z0-9_.-]" are allowed. If you intended to pass a host directory, use absolute path.
See 'docker run --help'.
docker: Error response from daemon: create ./excerpt_out: "./excerpt_out" includes invalid characters for a local volume name, only "[a-zA-Z0-9][a-zA-Z0-9_.-]" are allowed. If you intended to pass a host directory, use absolute path.
See 'docker run --help'.
docker: Error response from daemon: create ./excerpt_out: "./excerpt_out" includes invalid characters for a local volume name, only "[a-zA-Z0-9][a-zA-Z0-9_.-]" are allowed. If you intended to pass a host directory, use absolute path.
See 'docker run --help'.
docker: Error response from daemon: create ./excerpt_out: "./excerpt_out" includes invalid characters for a local volume name, only "[a-zA-Z0-9][a-zA-Z0-9_.-]" are allowed. If you intended to pass a host directory, use absolute path.
See 'docker run --help'.
docker: Error response from daemon: create ./excerpt_out: "./excerpt_out" includes invalid characters for a local volume name, only "[a-zA-Z0-9][a-zA-Z0-9_.-]" are allowed. If you intended to pass a host directory, use absolute path.
See 'docker run --help'.
docker: Error response from daemon: create ./excerpt_out: "./excerpt_out" includes invalid characters for a local volume name, only "[a-zA-Z0-9][a-zA-Z0-9_.-]" are allowed. If you intended to pass a host directory, use absolute path.
See 'docker run --help'.
docker: Error response from daemon: create ./excerpt_out: "./excerpt_out" includes invalid characters for a local volume name, only "[a-zA-Z0-9][a-zA-Z0-9_.-]" are allowed. If you intended to pass a host directory, use absolute path.
See 'docker run --help'.
docker: Error response from daemon: create ./excerpt_out: "./excerpt_out" includes invalid characters for a local volume name, only "[a-zA-Z0-9][a-zA-Z0-9_.-]" are allowed. If you intended to pass a host directory, use absolute path.
See 'docker run --help'.
docker: Error response from daemon: create ./excerpt_out: "./excerpt_out" includes invalid characters for a local volume name, only "[a-zA-Z0-9][a-zA-Z0-9_.-]" are allowed. If you intended to pass a host directory, use absolute path.
See 'docker run --help'.
docker: Error response from daemon: create ./excerpt_out: "./excerpt_out" includes invalid characters for a local volume name, only "[a-zA-Z0-9][a-zA-Z0-9_.-]" are allowed. If you intended to pass a host directory, use absolute path.
See 'docker run --help'.
docker: Error response from daemon: create ./excerpt_out: "./excerpt_out" includes invalid characters for a local volume name, only "[a-zA-Z0-9][a-zA-Z0-9_.-]" are allowed. If you intended to pass a host directory, use absolute path.
See 'docker run --help'.
docker: Error response from daemon: create ./excerpt_out: "./excerpt_out" includes invalid characters for a local volume name, only "[a-zA-Z0-9][a-zA-Z0-9_.-]" are allowed. If you intended to pass a host directory, use absolute path.
See 'docker run --help'.
docker: Error response from daemon: create ./excerpt_out: "./excerpt_out" includes invalid characters for a local volume name, only "[a-zA-Z0-9][a-zA-Z0-9_.-]" are allowed. If you intended to pass a host directory, use absolute path.
See 'docker run --help'.
docker: Error response from daemon: create ./excerpt_out: "./excerpt_out" includes invalid characters for a local volume name, only "[a-zA-Z0-9][a-zA-Z0-9_.-]" are allowed. If you intended to pass a host directory, use absolute path.
See 'docker run --help'.
#

mkdir -p /exceRptOutput/mnt
#
echo AAAAAAAA > /exceRptOutput/mnt/mnt.adapterSeq
#
## ASCII 84 is equal to Q20 (p<0.01) in Phred+64, so any file with max quals greater than this can reasonably assumed to be Phred+64
cat /exceRptInput/mnt | head -n 40000 | awk '{if(NR%4==0) printf("%s",$0);}' | od -A n -t u1 | grep -v "^\*" | awk 'BEGIN{min=100;max=0;}{for(i=1;i<=NF;i++) {if($i>max) max=$i; if($i<min) min=$i;}}END{if(max<84) print "33"; else print "64";}' > /exceRptOutput/mnt/mnt.qualityEncoding
cat: /exceRptInput/mnt: No such file or directory
cat: /exceRptOutput/mnt/mnt.knownAdapterSeq: No such file or directory
## Run the SW alignment of known adapters regardless of user preference
cat /exceRptInput/mnt 2>> /exceRptOutput/mnt.err | java -Xmx10G -jar /exceRpt_bin/exceRpt_Tools.jar FindAdapter -n 1000 -m 100000 -s 4 -a /exceRpt_DB/adapters/adapters.fa - > /exceRptOutput/mnt/mnt.knownAdapterSeq 2>> /exceRptOutput/mnt.log
make: *** [/exceRptOutput/mnt/mnt.clipped.fastq.gz] Error 1
## Run the SW alignment of known adapters regardless of user preference
cat /exceRptInput/mnt 2>> /exceRptOutput/mnt.err | java -Xmx10G -jar /exceRpt_bin/exceRpt_Tools.jar FindAdapter -n 1000 -m 100000 -s 4 -a /exceRpt_DB/adapters/adapters.fa - > /exceRptOutput/mnt/mnt.knownAdapterSeq 2>> /exceRptOutput/mnt.log
make: *** [/exceRptOutput/mnt/mnt.clipped.fastq.gz] Error 1
## Run the SW alignment of known adapters regardless of user preference
cat /exceRptInput/mnt 2>> /exceRptOutput/mnt.err | java -Xmx10G -jar /exceRpt_bin/exceRpt_Tools.jar FindAdapter -n 1000 -m 100000 -s 4 -a /exceRpt_DB/adapters/adapters.fa - > /exceRptOutput/mnt/mnt.knownAdapterSeq 2>> /exceRptOutput/mnt.log
make: *** [/exceRptOutput/mnt/mnt.clipped.fastq.gz] Error 1
## Run the SW alignment of known adapters regardless of user preference
cat /exceRptInput/mnt 2>> /exceRptOutput/mnt.err | java -Xmx10G -jar /exceRpt_bin/exceRpt_Tools.jar FindAdapter -n 1000 -m 100000 -s 4 -a /exceRpt_DB/adapters/adapters.fa - > /exceRptOutput/mnt/mnt.knownAdapterSeq 2>> /exceRptOutput/mnt.log
make: *** [/exceRptOutput/mnt/mnt.clipped.fastq.gz] Error 1
## Run the SW alignment of known adapters regardless of user preference
cat /exceRptInput/mnt 2>> /exceRptOutput/mnt.err | java -Xmx10G -jar /exceRpt_bin/exceRpt_Tools.jar FindAdapter -n 1000 -m 100000 -s 4 -a /exceRpt_DB/adapters/adapters.fa - > /exceRptOutput/mnt/mnt.knownAdapterSeq 2>> /exceRptOutput/mnt.log
make: *** [/exceRptOutput/mnt/mnt.clipped.fastq.gz] Error 1
## Run the SW alignment of known adapters regardless of user preference
cat /exceRptInput/mnt 2>> /exceRptOutput/mnt.err | java -Xmx10G -jar /exceRpt_bin/exceRpt_Tools.jar FindAdapter -n 1000 -m 100000 -s 4 -a /exceRpt_DB/adapters/adapters.fa - > /exceRptOutput/mnt/mnt.knownAdapterSeq 2>> /exceRptOutput/mnt.log
make: *** [/exceRptOutput/mnt/mnt.clipped.fastq.gz] Error 1
## Run the SW alignment of known adapters regardless of user preference
cat /exceRptInput/mnt 2>> /exceRptOutput/mnt.err | java -Xmx10G -jar /exceRpt_bin/exceRpt_Tools.jar FindAdapter -n 1000 -m 100000 -s 4 -a /exceRpt_DB/adapters/adapters.fa - > /exceRptOutput/mnt/mnt.knownAdapterSeq 2>> /exceRptOutput/mnt.log
make: *** [/exceRptOutput/mnt/mnt.clipped.fastq.gz] Error 1
## Run the SW alignment of known adapters regardless of user preference
cat /exceRptInput/mnt 2>> /exceRptOutput/mnt.err | java -Xmx10G -jar /exceRpt_bin/exceRpt_Tools.jar FindAdapter -n 1000 -m 100000 -s 4 -a /exceRpt_DB/adapters/adapters.fa - > /exceRptOutput/mnt/mnt.knownAdapterSeq 2>> /exceRptOutput/mnt.log
make: *** [/exceRptOutput/mnt/mnt.clipped.fastq.gz] Error 1
## Run the SW alignment of known adapters regardless of user preference
cat /exceRptInput/mnt 2>> /exceRptOutput/mnt.err | java -Xmx10G -jar /exceRpt_bin/exceRpt_Tools.jar FindAdapter -n 1000 -m 100000 -s 4 -a /exceRpt_DB/adapters/adapters.fa - > /exceRptOutput/mnt/mnt.knownAdapterSeq 2>> /exceRptOutput/mnt.log
make: *** [/exceRptOutput/mnt/mnt.clipped.fastq.gz] Error 1
## Run the SW alignment of known adapters regardless of user preference
cat /exceRptInput/mnt 2>> /exceRptOutput/mnt.err | java -Xmx10G -jar /exceRpt_bin/exceRpt_Tools.jar FindAdapter -n 1000 -m 100000 -s 4 -a /exceRpt_DB/adapters/adapters.fa - > /exceRptOutput/mnt/mnt.knownAdapterSeq 2>> /exceRptOutput/mnt.log
make: *** [/exceRptOutput/mnt/mnt.clipped.fastq.gz] Error 1
## Run the SW alignment of known adapters regardless of user preference
cat /exceRptInput/mnt 2>> /exceRptOutput/mnt.err | java -Xmx10G -jar /exceRpt_bin/exceRpt_Tools.jar FindAdapter -n 1000 -m 100000 -s 4 -a /exceRpt_DB/adapters/adapters.fa - > /exceRptOutput/mnt/mnt.knownAdapterSeq 2>> /exceRptOutput/mnt.log
make: *** [/exceRptOutput/mnt/mnt.clipped.fastq.gz] Error 1
## Run the SW alignment of known adapters regardless of user preference
cat /exceRptInput/mnt 2>> /exceRptOutput/mnt.err | java -Xmx10G -jar /exceRpt_bin/exceRpt_Tools.jar FindAdapter -n 1000 -m 100000 -s 4 -a /exceRpt_DB/adapters/adapters.fa - > /exceRptOutput/mnt/mnt.knownAdapterSeq 2>> /exceRptOutput/mnt.log
make: *** [/exceRptOutput/mnt/mnt.clipped.fastq.gz] Error 1
## Run the SW alignment of known adapters regardless of user preference
cat /exceRptInput/mnt 2>> /exceRptOutput/mnt.err | java -Xmx10G -jar /exceRpt_bin/exceRpt_Tools.jar FindAdapter -n 1000 -m 100000 -s 4 -a /exceRpt_DB/adapters/adapters.fa - > /exceRptOutput/mnt/mnt.knownAdapterSeq 2>> /exceRptOutput/mnt.log
make: *** [/exceRptOutput/mnt/mnt.clipped.fastq.gz] Error 1
## Run the SW alignment of known adapters regardless of user preference
cat /exceRptInput/mnt 2>> /exceRptOutput/mnt.err | java -Xmx10G -jar /exceRpt_bin/exceRpt_Tools.jar FindAdapter -n 1000 -m 100000 -s 4 -a /exceRpt_DB/adapters/adapters.fa - > /exceRptOutput/mnt/mnt.knownAdapterSeq 2>> /exceRptOutput/mnt.log
make: *** [/exceRptOutput/mnt/mnt.clipped.fastq.gz] Error 1
## Run the SW alignment of known adapters regardless of user preference
cat /exceRptInput/mnt 2>> /exceRptOutput/mnt.err | java -Xmx10G -jar /exceRpt_bin/exceRpt_Tools.jar FindAdapter -n 1000 -m 100000 -s 4 -a /exceRpt_DB/adapters/adapters.fa - > /exceRptOutput/mnt/mnt.knownAdapterSeq 2>> /exceRptOutput/mnt.log
make: *** [/exceRptOutput/mnt/mnt.clipped.fastq.gz] Error 1
## Run the SW alignment of known adapters regardless of user preference
cat /exceRptInput/mnt 2>> /exceRptOutput/mnt.err | java -Xmx10G -jar /exceRpt_bin/exceRpt_Tools.jar FindAdapter -n 1000 -m 100000 -s 4 -a /exceRpt_DB/adapters/adapters.fa - > /exceRptOutput/mnt/mnt.knownAdapterSeq 2>> /exceRptOutput/mnt.log
make: *** [/exceRptOutput/mnt/mnt.clipped.fastq.gz] Error 1
## Run the SW alignment of known adapters regardless of user preference
cat /exceRptInput/mnt 2>> /exceRptOutput/mnt.err | java -Xmx10G -jar /exceRpt_bin/exceRpt_Tools.jar FindAdapter -n 1000 -m 100000 -s 4 -a /exceRpt_DB/adapters/adapters.fa - > /exceRptOutput/mnt/mnt.knownAdapterSeq 2>> /exceRptOutput/mnt.log
make: *** [/exceRptOutput/mnt/mnt.clipped.fastq.gz] Error 1
## Run the SW alignment of known adapters regardless of user preference
cat /exceRptInput/mnt 2>> /exceRptOutput/mnt.err | java -Xmx10G -jar /exceRpt_bin/exceRpt_Tools.jar FindAdapter -n 1000 -m 100000 -s 4 -a /exceRpt_DB/adapters/adapters.fa - > /exceRptOutput/mnt/mnt.knownAdapterSeq 2>> /exceRptOutput/mnt.log
make: *** [/exceRptOutput/mnt/mnt.clipped.fastq.gz] Error 1
## Run the SW alignment of known adapters regardless of user preference
cat /exceRptInput/mnt 2>> /exceRptOutput/mnt.err | java -Xmx10G -jar /exceRpt_bin/exceRpt_Tools.jar FindAdapter -n 1000 -m 100000 -s 4 -a /exceRpt_DB/adapters/adapters.fa - > /exceRptOutput/mnt/mnt.knownAdapterSeq 2>> /exceRptOutput/mnt.log
make: *** [/exceRptOutput/mnt/mnt.clipped.fastq.gz] Error 1
## Run the SW alignment of known adapters regardless of user preference
cat /exceRptInput/mnt 2>> /exceRptOutput/mnt.err | java -Xmx10G -jar /exceRpt_bin/exceRpt_Tools.jar FindAdapter -n 1000 -m 100000 -s 4 -a /exceRpt_DB/adapters/adapters.fa - > /exceRptOutput/mnt/mnt.knownAdapterSeq 2>> /exceRptOutput/mnt.log
make: *** [/exceRptOutput/mnt/mnt.clipped.fastq.gz] Error 1
## Run the SW alignment of known adapters regardless of user preference
cat /exceRptInput/mnt 2>> /exceRptOutput/mnt.err | java -Xmx10G -jar /exceRpt_bin/exceRpt_Tools.jar FindAdapter -n 1000 -m 100000 -s 4 -a /exceRpt_DB/adapters/adapters.fa - > /exceRptOutput/mnt/mnt.knownAdapterSeq 2>> /exceRptOutput/mnt.log
make: *** [/exceRptOutput/mnt/mnt.clipped.fastq.gz] Error 1
## Run the SW alignment of known adapters regardless of user preference
cat /exceRptInput/mnt 2>> /exceRptOutput/mnt.err | java -Xmx10G -jar /exceRpt_bin/exceRpt_Tools.jar FindAdapter -n 1000 -m 100000 -s 4 -a /exceRpt_DB/adapters/adapters.fa - > /exceRptOutput/mnt/mnt.knownAdapterSeq 2>> /exceRptOutput/mnt.log
make: *** [/exceRptOutput/mnt/mnt.clipped.fastq.gz] Error 1
## Run the SW alignment of known adapters regardless of user preference
cat /exceRptInput/mnt 2>> /exceRptOutput/mnt.err | java -Xmx10G -jar /exceRpt_bin/exceRpt_Tools.jar FindAdapter -n 1000 -m 100000 -s 4 -a /exceRpt_DB/adapters/adapters.fa - > /exceRptOutput/mnt/mnt.knownAdapterSeq 2>> /exceRptOutput/mnt.log
make: *** [/exceRptOutput/mnt/mnt.clipped.fastq.gz] Error 1
## Run the SW alignment of known adapters regardless of user preference
cat /exceRptInput/mnt 2>> /exceRptOutput/mnt.err | java -Xmx10G -jar /exceRpt_bin/exceRpt_Tools.jar FindAdapter -n 1000 -m 100000 -s 4 -a /exceRpt_DB/adapters/adapters.fa - > /exceRptOutput/mnt/mnt.knownAdapterSeq 2>> /exceRptOutput/mnt.log
make: *** [/exceRptOutput/mnt/mnt.clipped.fastq.gz] Error 1
## Run the SW alignment of known adapters regardless of user preference
cat /exceRptInput/mnt 2>> /exceRptOutput/mnt.err | java -Xmx10G -jar /exceRpt_bin/exceRpt_Tools.jar FindAdapter -n 1000 -m 100000 -s 4 -a /exceRpt_DB/adapters/adapters.fa - > /exceRptOutput/mnt/mnt.knownAdapterSeq 2>> /exceRptOutput/mnt.log
make: *** [/exceRptOutput/mnt/mnt.clipped.fastq.gz] Error 1
## Run the SW alignment of known adapters regardless of user preference
cat /exceRptInput/mnt 2>> /exceRptOutput/mnt.err | java -Xmx10G -jar /exceRpt_bin/exceRpt_Tools.jar FindAdapter -n 1000 -m 100000 -s 4 -a /exceRpt_DB/adapters/adapters.fa - > /exceRptOutput/mnt/mnt.knownAdapterSeq 2>> /exceRptOutput/mnt.log
make: *** [/exceRptOutput/mnt/mnt.clipped.fastq.gz] Error 1
## Run the SW alignment of known adapters regardless of user preference
cat /exceRptInput/mnt 2>> /exceRptOutput/mnt.err | java -Xmx10G -jar /exceRpt_bin/exceRpt_Tools.jar FindAdapter -n 1000 -m 100000 -s 4 -a /exceRpt_DB/adapters/adapters.fa - > /exceRptOutput/mnt/mnt.knownAdapterSeq 2>> /exceRptOutput/mnt.log
make: *** [/exceRptOutput/mnt/mnt.clipped.fastq.gz] Error 1
## Run the SW alignment of known adapters regardless of user preference
cat /exceRptInput/mnt 2>> /exceRptOutput/mnt.err | java -Xmx10G -jar /exceRpt_bin/exceRpt_Tools.jar FindAdapter -n 1000 -m 100000 -s 4 -a /exceRpt_DB/adapters/adapters.fa - > /exceRptOutput/mnt/mnt.knownAdapterSeq 2>> /exceRptOutput/mnt.log
make: *** [/exceRptOutput/mnt/mnt.clipped.fastq.gz] Error 1
## Run the SW alignment of known adapters regardless of user preference
cat /exceRptInput/mnt 2>> /exceRptOutput/mnt.err | java -Xmx10G -jar /exceRpt_bin/exceRpt_Tools.jar FindAdapter -n 1000 -m 100000 -s 4 -a /exceRpt_DB/adapters/adapters.fa - > /exceRptOutput/mnt/mnt.knownAdapterSeq 2>> /exceRptOutput/mnt.log
make: *** [/exceRptOutput/mnt/mnt.clipped.fastq.gz] Error 1
## Run the SW alignment of known adapters regardless of user preference
cat /exceRptInput/mnt 2>> /exceRptOutput/mnt.err | java -Xmx10G -jar /exceRpt_bin/exceRpt_Tools.jar FindAdapter -n 1000 -m 100000 -s 4 -a /exceRpt_DB/adapters/adapters.fa - > /exceRptOutput/mnt/mnt.knownAdapterSeq 2>> /exceRptOutput/mnt.log
make: *** [/exceRptOutput/mnt/mnt.clipped.fastq.gz] Error 1
## Run the SW alignment of known adapters regardless of user preference
cat /exceRptInput/mnt 2>> /exceRptOutput/mnt.err | java -Xmx10G -jar /exceRpt_bin/exceRpt_Tools.jar FindAdapter -n 1000 -m 100000 -s 4 -a /exceRpt_DB/adapters/adapters.fa - > /exceRptOutput/mnt/mnt.knownAdapterSeq 2>> /exceRptOutput/mnt.log
make: *** [/exceRptOutput/mnt/mnt.clipped.fastq.gz] Error 1
## Run the SW alignment of known adapters regardless of user preference
cat /exceRptInput/mnt 2>> /exceRptOutput/mnt.err | java -Xmx10G -jar /exceRpt_bin/exceRpt_Tools.jar FindAdapter -n 1000 -m 100000 -s 4 -a /exceRpt_DB/adapters/adapters.fa - > /exceRptOutput/mnt/mnt.knownAdapterSeq 2>> /exceRptOutput/mnt.log
make: *** [/exceRptOutput/mnt/mnt.clipped.fastq.gz] Error 1
## Run the SW alignment of known adapters regardless of user preference
cat /exceRptInput/mnt 2>> /exceRptOutput/mnt.err | java -Xmx10G -jar /exceRpt_bin/exceRpt_Tools.jar FindAdapter -n 1000 -m 100000 -s 4 -a /exceRpt_DB/adapters/adapters.fa - > /exceRptOutput/mnt/mnt.knownAdapterSeq 2>> /exceRptOutput/mnt.log
make: *** [/exceRptOutput/mnt/mnt.clipped.fastq.gz] Error 1
## Run the SW alignment of known adapters regardless of user preference
cat /exceRptInput/mnt 2>> /exceRptOutput/mnt.err | java -Xmx10G -jar /exceRpt_bin/exceRpt_Tools.jar FindAdapter -n 1000 -m 100000 -s 4 -a /exceRpt_DB/adapters/adapters.fa - > /exceRptOutput/mnt/mnt.knownAdapterSeq 2>> /exceRptOutput/mnt.log
make: *** [/exceRptOutput/mnt/mnt.clipped.fastq.gz] Error 1
## Run the SW alignment of known adapters regardless of user preference
cat /exceRptInput/mnt 2>> /exceRptOutput/mnt.err | java -Xmx10G -jar /exceRpt_bin/exceRpt_Tools.jar FindAdapter -n 1000 -m 100000 -s 4 -a /exceRpt_DB/adapters/adapters.fa - > /exceRptOutput/mnt/mnt.knownAdapterSeq 2>> /exceRptOutput/mnt.log
make: *** [/exceRptOutput/mnt/mnt.clipped.fastq.gz] Error 1
## Run the SW alignment of known adapters regardless of user preference
cat /exceRptInput/mnt 2>> /exceRptOutput/mnt.err | java -Xmx10G -jar /exceRpt_bin/exceRpt_Tools.jar FindAdapter -n 1000 -m 100000 -s 4 -a /exceRpt_DB/adapters/adapters.fa - > /exceRptOutput/mnt/mnt.knownAdapterSeq 2>> /exceRptOutput/mnt.log
make: *** [/exceRptOutput/mnt/mnt.clipped.fastq.gz] Error 1
## Run the SW alignment of known adapters regardless of user preference
cat /exceRptInput/mnt 2>> /exceRptOutput/mnt.err | java -Xmx10G -jar /exceRpt_bin/exceRpt_Tools.jar FindAdapter -n 1000 -m 100000 -s 4 -a /exceRpt_DB/adapters/adapters.fa - > /exceRptOutput/mnt/mnt.knownAdapterSeq 2>> /exceRptOutput/mnt.log
make: *** [/exceRptOutput/mnt/mnt.clipped.fastq.gz] Error 1
## Run the SW alignment of known adapters regardless of user preference
cat /exceRptInput/mnt 2>> /exceRptOutput/mnt.err | java -Xmx10G -jar /exceRpt_bin/exceRpt_Tools.jar FindAdapter -n 1000 -m 100000 -s 4 -a /exceRpt_DB/adapters/adapters.fa - > /exceRptOutput/mnt/mnt.knownAdapterSeq 2>> /exceRptOutput/mnt.log
make: *** [/exceRptOutput/mnt/mnt.clipped.fastq.gz] Error 1
## Run the SW alignment of known adapters regardless of user preference
cat /exceRptInput/mnt 2>> /exceRptOutput/mnt.err | java -Xmx10G -jar /exceRpt_bin/exceRpt_Tools.jar FindAdapter -n 1000 -m 100000 -s 4 -a /exceRpt_DB/adapters/adapters.fa - > /exceRptOutput/mnt/mnt.knownAdapterSeq 2>> /exceRptOutput/mnt.log
make: *** [/exceRptOutput/mnt/mnt.clipped.fastq.gz] Error 1
## Run the SW alignment of known adapters regardless of user preference
cat /exceRptInput/mnt 2>> /exceRptOutput/mnt.err | java -Xmx10G -jar /exceRpt_bin/exceRpt_Tools.jar FindAdapter -n 1000 -m 100000 -s 4 -a /exceRpt_DB/adapters/adapters.fa - > /exceRptOutput/mnt/mnt.knownAdapterSeq 2>> /exceRptOutput/mnt.log
make: *** [/exceRptOutput/mnt/mnt.clipped.fastq.gz] Error 1
## Run the SW alignment of known adapters regardless of user preference
cat /exceRptInput/mnt 2>> /exceRptOutput/mnt.err | java -Xmx10G -jar /exceRpt_bin/exceRpt_Tools.jar FindAdapter -n 1000 -m 100000 -s 4 -a /exceRpt_DB/adapters/adapters.fa - > /exceRptOutput/mnt/mnt.knownAdapterSeq 2>> /exceRptOutput/mnt.log
make: *** [/exceRptOutput/mnt/mnt.clipped.fastq.gz] Error 1
## Run the SW alignment of known adapters regardless of user preference
cat /exceRptInput/mnt 2>> /exceRptOutput/mnt.err | java -Xmx10G -jar /exceRpt_bin/exceRpt_Tools.jar FindAdapter -n 1000 -m 100000 -s 4 -a /exceRpt_DB/adapters/adapters.fa - > /exceRptOutput/mnt/mnt.knownAdapterSeq 2>> /exceRptOutput/mnt.log
make: *** [/exceRptOutput/mnt/mnt.clipped.fastq.gz] Error 1
## Run the SW alignment of known adapters regardless of user preference
cat /exceRptInput/mnt 2>> /exceRptOutput/mnt.err | java -Xmx10G -jar /exceRpt_bin/exceRpt_Tools.jar FindAdapter -n 1000 -m 100000 -s 4 -a /exceRpt_DB/adapters/adapters.fa - > /exceRptOutput/mnt/mnt.knownAdapterSeq 2>> /exceRptOutput/mnt.log
make: *** [/exceRptOutput/mnt/mnt.clipped.fastq.gz] Error 1
## Run the SW alignment of known adapters regardless of user preference
cat /exceRptInput/mnt 2>> /exceRptOutput/mnt.err | java -Xmx10G -jar /exceRpt_bin/exceRpt_Tools.jar FindAdapter -n 1000 -m 100000 -s 4 -a /exceRpt_DB/adapters/adapters.fa - > /exceRptOutput/mnt/mnt.knownAdapterSeq 2>> /exceRptOutput/mnt.log
make: *** [/exceRptOutput/mnt/mnt.clipped.fastq.gz] Error 1
## Run the SW alignment of known adapters regardless of user preference
cat /exceRptInput/mnt 2>> /exceRptOutput/mnt.err | java -Xmx10G -jar /exceRpt_bin/exceRpt_Tools.jar FindAdapter -n 1000 -m 100000 -s 4 -a /exceRpt_DB/adapters/adapters.fa - > /exceRptOutput/mnt/mnt.knownAdapterSeq 2>> /exceRptOutput/mnt.log
make: *** [/exceRptOutput/mnt/mnt.clipped.fastq.gz] Error 1
## Run the SW alignment of known adapters regardless of user preference
cat /exceRptInput/mnt 2>> /exceRptOutput/mnt.err | java -Xmx10G -jar /exceRpt_bin/exceRpt_Tools.jar FindAdapter -n 1000 -m 100000 -s 4 -a /exceRpt_DB/adapters/adapters.fa - > /exceRptOutput/mnt/mnt.knownAdapterSeq 2>> /exceRptOutput/mnt.log
make: *** [/exceRptOutput/mnt/mnt.clipped.fastq.gz] Error 1
## Run the SW alignment of known adapters regardless of user preference
cat /exceRptInput/mnt 2>> /exceRptOutput/mnt.err | java -Xmx10G -jar /exceRpt_bin/exceRpt_Tools.jar FindAdapter -n 1000 -m 100000 -s 4 -a /exceRpt_DB/adapters/adapters.fa - > /exceRptOutput/mnt/mnt.knownAdapterSeq 2>> /exceRptOutput/mnt.log
make: *** [/exceRptOutput/mnt/mnt.clipped.fastq.gz] Error 1
## Run the SW alignment of known adapters regardless of user preference
cat /exceRptInput/mnt 2>> /exceRptOutput/mnt.err | java -Xmx10G -jar /exceRpt_bin/exceRpt_Tools.jar FindAdapter -n 1000 -m 100000 -s 4 -a /exceRpt_DB/adapters/adapters.fa - > /exceRptOutput/mnt/mnt.knownAdapterSeq 2>> /exceRptOutput/mnt.log
make: *** [/exceRptOutput/mnt/mnt.clipped.fastq.gz] Error 1
## Run the SW alignment of known adapters regardless of user preference
cat /exceRptInput/mnt 2>> /exceRptOutput/mnt.err | java -Xmx10G -jar /exceRpt_bin/exceRpt_Tools.jar FindAdapter -n 1000 -m 100000 -s 4 -a /exceRpt_DB/adapters/adapters.fa - > /exceRptOutput/mnt/mnt.knownAdapterSeq 2>> /exceRptOutput/mnt.log
make: *** [/exceRptOutput/mnt/mnt.clipped.fastq.gz] Error 1
## Run the SW alignment of known adapters regardless of user preference
cat /exceRptInput/mnt 2>> /exceRptOutput/mnt.err | java -Xmx10G -jar /exceRpt_bin/exceRpt_Tools.jar FindAdapter -n 1000 -m 100000 -s 4 -a /exceRpt_DB/adapters/adapters.fa - > /exceRptOutput/mnt/mnt.knownAdapterSeq 2>> /exceRptOutput/mnt.log
make: *** [/exceRptOutput/mnt/mnt.clipped.fastq.gz] Error 1
## Run the SW alignment of known adapters regardless of user preference
cat /exceRptInput/mnt 2>> /exceRptOutput/mnt.err | java -Xmx10G -jar /exceRpt_bin/exceRpt_Tools.jar FindAdapter -n 1000 -m 100000 -s 4 -a /exceRpt_DB/adapters/adapters.fa - > /exceRptOutput/mnt/mnt.knownAdapterSeq 2>> /exceRptOutput/mnt.log
make: *** [/exceRptOutput/mnt/mnt.clipped.fastq.gz] Error 1
## Run the SW alignment of known adapters regardless of user preference
cat /exceRptInput/mnt 2>> /exceRptOutput/mnt.err | java -Xmx10G -jar /exceRpt_bin/exceRpt_Tools.jar FindAdapter -n 1000 -m 100000 -s 4 -a /exceRpt_DB/adapters/adapters.fa - > /exceRptOutput/mnt/mnt.knownAdapterSeq 2>> /exceRptOutput/mnt.log
make: *** [/exceRptOutput/mnt/mnt.clipped.fastq.gz] Error 1
## Run the SW alignment of known adapters regardless of user preference
cat /exceRptInput/mnt 2>> /exceRptOutput/mnt.err | java -Xmx10G -jar /exceRpt_bin/exceRpt_Tools.jar FindAdapter -n 1000 -m 100000 -s 4 -a /exceRpt_DB/adapters/adapters.fa - > /exceRptOutput/mnt/mnt.knownAdapterSeq 2>> /exceRptOutput/mnt.log
make: *** [/exceRptOutput/mnt/mnt.clipped.fastq.gz] Error 1
## Run the SW alignment of known adapters regardless of user preference
cat /exceRptInput/mnt 2>> /exceRptOutput/mnt.err | java -Xmx10G -jar /exceRpt_bin/exceRpt_Tools.jar FindAdapter -n 1000 -m 100000 -s 4 -a /exceRpt_DB/adapters/adapters.fa - > /exceRptOutput/mnt/mnt.knownAdapterSeq 2>> /exceRptOutput/mnt.log
make: *** [/exceRptOutput/mnt/mnt.clipped.fastq.gz] Error 1
## Run the SW alignment of known adapters regardless of user preference
cat /exceRptInput/mnt 2>> /exceRptOutput/mnt.err | java -Xmx10G -jar /exceRpt_bin/exceRpt_Tools.jar FindAdapter -n 1000 -m 100000 -s 4 -a /exceRpt_DB/adapters/adapters.fa - > /exceRptOutput/mnt/mnt.knownAdapterSeq 2>> /exceRptOutput/mnt.log
make: *** [/exceRptOutput/mnt/mnt.clipped.fastq.gz] Error 1
## Run the SW alignment of known adapters regardless of user preference
cat /exceRptInput/mnt 2>> /exceRptOutput/mnt.err | java -Xmx10G -jar /exceRpt_bin/exceRpt_Tools.jar FindAdapter -n 1000 -m 100000 -s 4 -a /exceRpt_DB/adapters/adapters.fa - > /exceRptOutput/mnt/mnt.knownAdapterSeq 2>> /exceRptOutput/mnt.log
make: *** [/exceRptOutput/mnt/mnt.clipped.fastq.gz] Error 1
## Run the SW alignment of known adapters regardless of user preference
cat /exceRptInput/mnt 2>> /exceRptOutput/mnt.err | java -Xmx10G -jar /exceRpt_bin/exceRpt_Tools.jar FindAdapter -n 1000 -m 100000 -s 4 -a /exceRpt_DB/adapters/adapters.fa - > /exceRptOutput/mnt/mnt.knownAdapterSeq 2>> /exceRptOutput/mnt.log
make: *** [/exceRptOutput/mnt/mnt.clipped.fastq.gz] Error 1
## Run the SW alignment of known adapters regardless of user preference
cat /exceRptInput/mnt 2>> /exceRptOutput/mnt.err | java -Xmx10G -jar /exceRpt_bin/exceRpt_Tools.jar FindAdapter -n 1000 -m 100000 -s 4 -a /exceRpt_DB/adapters/adapters.fa - > /exceRptOutput/mnt/mnt.knownAdapterSeq 2>> /exceRptOutput/mnt.log
make: *** [/exceRptOutput/mnt/mnt.clipped.fastq.gz] Error 1
## Run the SW alignment of known adapters regardless of user preference
cat /exceRptInput/mnt 2>> /exceRptOutput/mnt.err | java -Xmx10G -jar /exceRpt_bin/exceRpt_Tools.jar FindAdapter -n 1000 -m 100000 -s 4 -a /exceRpt_DB/adapters/adapters.fa - > /exceRptOutput/mnt/mnt.knownAdapterSeq 2>> /exceRptOutput/mnt.log
make: *** [/exceRptOutput/mnt/mnt.clipped.fastq.gz] Error 1
## Run the SW alignment of known adapters regardless of user preference
cat /exceRptInput/mnt 2>> /exceRptOutput/mnt.err | java -Xmx10G -jar /exceRpt_bin/exceRpt_Tools.jar FindAdapter -n 1000 -m 100000 -s 4 -a /exceRpt_DB/adapters/adapters.fa - > /exceRptOutput/mnt/mnt.knownAdapterSeq 2>> /exceRptOutput/mnt.log
make: *** [/exceRptOutput/mnt/mnt.clipped.fastq.gz] Error 1
## Run the SW alignment of known adapters regardless of user preference
cat /exceRptInput/mnt 2>> /exceRptOutput/mnt.err | java -Xmx10G -jar /exceRpt_bin/exceRpt_Tools.jar FindAdapter -n 1000 -m 100000 -s 4 -a /exceRpt_DB/adapters/adapters.fa - > /exceRptOutput/mnt/mnt.knownAdapterSeq 2>> /exceRptOutput/mnt.log
make: *** [/exceRptOutput/mnt/mnt.clipped.fastq.gz] Error 1
## Run the SW alignment of known adapters regardless of user preference
cat /exceRptInput/mnt 2>> /exceRptOutput/mnt.err | java -Xmx10G -jar /exceRpt_bin/exceRpt_Tools.jar FindAdapter -n 1000 -m 100000 -s 4 -a /exceRpt_DB/adapters/adapters.fa - > /exceRptOutput/mnt/mnt.knownAdapterSeq 2>> /exceRptOutput/mnt.log
make: *** [/exceRptOutput/mnt/mnt.clipped.fastq.gz] Error 1
## Run the SW alignment of known adapters regardless of user preference
cat /exceRptInput/mnt 2>> /exceRptOutput/mnt.err | java -Xmx10G -jar /exceRpt_bin/exceRpt_Tools.jar FindAdapter -n 1000 -m 100000 -s 4 -a /exceRpt_DB/adapters/adapters.fa - > /exceRptOutput/mnt/mnt.knownAdapterSeq 2>> /exceRptOutput/mnt.log
make: *** [/exceRptOutput/mnt/mnt.clipped.fastq.gz] Error 1
## Run the SW alignment of known adapters regardless of user preference
cat /exceRptInput/mnt 2>> /exceRptOutput/mnt.err | java -Xmx10G -jar /exceRpt_bin/exceRpt_Tools.jar FindAdapter -n 1000 -m 100000 -s 4 -a /exceRpt_DB/adapters/adapters.fa - > /exceRptOutput/mnt/mnt.knownAdapterSeq 2>> /exceRptOutput/mnt.log
make: *** [/exceRptOutput/mnt/mnt.clipped.fastq.gz] Error 1
## Run the SW alignment of known adapters regardless of user preference
cat /exceRptInput/mnt 2>> /exceRptOutput/mnt.err | java -Xmx10G -jar /exceRpt_bin/exceRpt_Tools.jar FindAdapter -n 1000 -m 100000 -s 4 -a /exceRpt_DB/adapters/adapters.fa - > /exceRptOutput/mnt/mnt.knownAdapterSeq 2>> /exceRptOutput/mnt.log
make: *** [/exceRptOutput/mnt/mnt.clipped.fastq.gz] Error 1
## Run the SW alignment of known adapters regardless of user preference
cat /exceRptInput/mnt 2>> /exceRptOutput/mnt.err | java -Xmx10G -jar /exceRpt_bin/exceRpt_Tools.jar FindAdapter -n 1000 -m 100000 -s 4 -a /exceRpt_DB/adapters/adapters.fa - > /exceRptOutput/mnt/mnt.knownAdapterSeq 2>> /exceRptOutput/mnt.log
make: *** [/exceRptOutput/mnt/mnt.clipped.fastq.gz] Error 1
## Run the SW alignment of known adapters regardless of user preference
cat /exceRptInput/mnt 2>> /exceRptOutput/mnt.err | java -Xmx10G -jar /exceRpt_bin/exceRpt_Tools.jar FindAdapter -n 1000 -m 100000 -s 4 -a /exceRpt_DB/adapters/adapters.fa - > /exceRptOutput/mnt/mnt.knownAdapterSeq 2>> /exceRptOutput/mnt.log
make: *** [/exceRptOutput/mnt/mnt.clipped.fastq.gz] Error 1
## Run the SW alignment of known adapters regardless of user preference
cat /exceRptInput/mnt 2>> /exceRptOutput/mnt.err | java -Xmx10G -jar /exceRpt_bin/exceRpt_Tools.jar FindAdapter -n 1000 -m 100000 -s 4 -a /exceRpt_DB/adapters/adapters.fa - > /exceRptOutput/mnt/mnt.knownAdapterSeq 2>> /exceRptOutput/mnt.log
make: *** [/exceRptOutput/mnt/mnt.clipped.fastq.gz] Error 1
## Run the SW alignment of known adapters regardless of user preference
cat /exceRptInput/mnt 2>> /exceRptOutput/mnt.err | java -Xmx10G -jar /exceRpt_bin/exceRpt_Tools.jar FindAdapter -n 1000 -m 100000 -s 4 -a /exceRpt_DB/adapters/adapters.fa - > /exceRptOutput/mnt/mnt.knownAdapterSeq 2>> /exceRptOutput/mnt.log
make: *** [/exceRptOutput/mnt/mnt.clipped.fastq.gz] Error 1
## Run the SW alignment of known adapters regardless of user preference
cat /exceRptInput/mnt 2>> /exceRptOutput/mnt.err | java -Xmx10G -jar /exceRpt_bin/exceRpt_Tools.jar FindAdapter -n 1000 -m 100000 -s 4 -a /exceRpt_DB/adapters/adapters.fa - > /exceRptOutput/mnt/mnt.knownAdapterSeq 2>> /exceRptOutput/mnt.log
make: *** [/exceRptOutput/mnt/mnt.clipped.fastq.gz] Error 1
## Run the SW alignment of known adapters regardless of user preference
cat /exceRptInput/mnt 2>> /exceRptOutput/mnt.err | java -Xmx10G -jar /exceRpt_bin/exceRpt_Tools.jar FindAdapter -n 1000 -m 100000 -s 4 -a /exceRpt_DB/adapters/adapters.fa - > /exceRptOutput/mnt/mnt.knownAdapterSeq 2>> /exceRptOutput/mnt.log
make: *** [/exceRptOutput/mnt/mnt.clipped.fastq.gz] Error 1
## Run the SW alignment of known adapters regardless of user preference
cat /exceRptInput/mnt 2>> /exceRptOutput/mnt.err | java -Xmx10G -jar /exceRpt_bin/exceRpt_Tools.jar FindAdapter -n 1000 -m 100000 -s 4 -a /exceRpt_DB/adapters/adapters.fa - > /exceRptOutput/mnt/mnt.knownAdapterSeq 2>> /exceRptOutput/mnt.log
make: *** [/exceRptOutput/mnt/mnt.clipped.fastq.gz] Error 1
## Run the SW alignment of known adapters regardless of user preference
cat /exceRptInput/mnt 2>> /exceRptOutput/mnt.err | java -Xmx10G -jar /exceRpt_bin/exceRpt_Tools.jar FindAdapter -n 1000 -m 100000 -s 4 -a /exceRpt_DB/adapters/adapters.fa - > /exceRptOutput/mnt/mnt.knownAdapterSeq 2>> /exceRptOutput/mnt.log
make: *** [/exceRptOutput/mnt/mnt.clipped.fastq.gz] Error 1
## Run the SW alignment of known adapters regardless of user preference
cat /exceRptInput/mnt 2>> /exceRptOutput/mnt.err | java -Xmx10G -jar /exceRpt_bin/exceRpt_Tools.jar FindAdapter -n 1000 -m 100000 -s 4 -a /exceRpt_DB/adapters/adapters.fa - > /exceRptOutput/mnt/mnt.knownAdapterSeq 2>> /exceRptOutput/mnt.log
make: *** [/exceRptOutput/mnt/mnt.clipped.fastq.gz] Error 1
## Run the SW alignment of known adapters regardless of user preference
cat /exceRptInput/mnt 2>> /exceRptOutput/mnt.err | java -Xmx10G -jar /exceRpt_bin/exceRpt_Tools.jar FindAdapter -n 1000 -m 100000 -s 4 -a /exceRpt_DB/adapters/adapters.fa - > /exceRptOutput/mnt/mnt.knownAdapterSeq 2>> /exceRptOutput/mnt.log
make: *** [/exceRptOutput/mnt/mnt.clipped.fastq.gz] Error 1
## Run the SW alignment of known adapters regardless of user preference
cat /exceRptInput/mnt 2>> /exceRptOutput/mnt.err | java -Xmx10G -jar /exceRpt_bin/exceRpt_Tools.jar FindAdapter -n 1000 -m 100000 -s 4 -a /exceRpt_DB/adapters/adapters.fa - > /exceRptOutput/mnt/mnt.knownAdapterSeq 2>> /exceRptOutput/mnt.log
make: *** [/exceRptOutput/mnt/mnt.clipped.fastq.gz] Error 1
## Run the SW alignment of known adapters regardless of user preference
cat /exceRptInput/mnt 2>> /exceRptOutput/mnt.err | java -Xmx10G -jar /exceRpt_bin/exceRpt_Tools.jar FindAdapter -n 1000 -m 100000 -s 4 -a /exceRpt_DB/adapters/adapters.fa - > /exceRptOutput/mnt/mnt.knownAdapterSeq 2>> /exceRptOutput/mnt.log
make: *** [/exceRptOutput/mnt/mnt.clipped.fastq.gz] Error 1
## Run the SW alignment of known adapters regardless of user preference
cat /exceRptInput/mnt 2>> /exceRptOutput/mnt.err | java -Xmx10G -jar /exceRpt_bin/exceRpt_Tools.jar FindAdapter -n 1000 -m 100000 -s 4 -a /exceRpt_DB/adapters/adapters.fa - > /exceRptOutput/mnt/mnt.knownAdapterSeq 2>> /exceRptOutput/mnt.log
make: *** [/exceRptOutput/mnt/mnt.clipped.fastq.gz] Error 1
## Run the SW alignment of known adapters regardless of user preference
cat /exceRptInput/mnt 2>> /exceRptOutput/mnt.err | java -Xmx10G -jar /exceRpt_bin/exceRpt_Tools.jar FindAdapter -n 1000 -m 100000 -s 4 -a /exceRpt_DB/adapters/adapters.fa - > /exceRptOutput/mnt/mnt.knownAdapterSeq 2>> /exceRptOutput/mnt.log
make: *** [/exceRptOutput/mnt/mnt.clipped.fastq.gz] Error 1
## Run the SW alignment of known adapters regardless of user preference
cat /exceRptInput/mnt 2>> /exceRptOutput/mnt.err | java -Xmx10G -jar /exceRpt_bin/exceRpt_Tools.jar FindAdapter -n 1000 -m 100000 -s 4 -a /exceRpt_DB/adapters/adapters.fa - > /exceRptOutput/mnt/mnt.knownAdapterSeq 2>> /exceRptOutput/mnt.log
make: *** [/exceRptOutput/mnt/mnt.clipped.fastq.gz] Error 1
## Run the SW alignment of known adapters regardless of user preference
cat /exceRptInput/mnt 2>> /exceRptOutput/mnt.err | java -Xmx10G -jar /exceRpt_bin/exceRpt_Tools.jar FindAdapter -n 1000 -m 100000 -s 4 -a /exceRpt_DB/adapters/adapters.fa - > /exceRptOutput/mnt/mnt.knownAdapterSeq 2>> /exceRptOutput/mnt.log
make: *** [/exceRptOutput/mnt/mnt.clipped.fastq.gz] Error 1
## Run the SW alignment of known adapters regardless of user preference
cat /exceRptInput/mnt 2>> /exceRptOutput/mnt.err | java -Xmx10G -jar /exceRpt_bin/exceRpt_Tools.jar FindAdapter -n 1000 -m 100000 -s 4 -a /exceRpt_DB/adapters/adapters.fa - > /exceRptOutput/mnt/mnt.knownAdapterSeq 2>> /exceRptOutput/mnt.log
make: *** [/exceRptOutput/mnt/mnt.clipped.fastq.gz] Error 1
## Run the SW alignment of known adapters regardless of user preference
cat /exceRptInput/mnt 2>> /exceRptOutput/mnt.err | java -Xmx10G -jar /exceRpt_bin/exceRpt_Tools.jar FindAdapter -n 1000 -m 100000 -s 4 -a /exceRpt_DB/adapters/adapters.fa - > /exceRptOutput/mnt/mnt.knownAdapterSeq 2>> /exceRptOutput/mnt.log
make: *** [/exceRptOutput/mnt/mnt.clipped.fastq.gz] Error 1
## Run the SW alignment of known adapters regardless of user preference
cat /exceRptInput/mnt 2>> /exceRptOutput/mnt.err | java -Xmx10G -jar /exceRpt_bin/exceRpt_Tools.jar FindAdapter -n 1000 -m 100000 -s 4 -a /exceRpt_DB/adapters/adapters.fa - > /exceRptOutput/mnt/mnt.knownAdapterSeq 2>> /exceRptOutput/mnt.log
make: *** [/exceRptOutput/mnt/mnt.clipped.fastq.gz] Error 1
## Run the SW alignment of known adapters regardless of user preference
cat /exceRptInput/mnt 2>> /exceRptOutput/mnt.err | java -Xmx10G -jar /exceRpt_bin/exceRpt_Tools.jar FindAdapter -n 1000 -m 100000 -s 4 -a /exceRpt_DB/adapters/adapters.fa - > /exceRptOutput/mnt/mnt.knownAdapterSeq 2>> /exceRptOutput/mnt.log
make: *** [/exceRptOutput/mnt/mnt.clipped.fastq.gz] Error 1
++ ls 'excerpt_in/*.gz'
++ cut -f2 -d /
ls: cannot access 'excerpt_in/*.gz': No such file or directory
